GroupA/22-MyService-21/app/build/intermediates/manifest_merge_blame_file/debug/manifest-merger-blame-debug-report.txt
1<?xml version="1.0" encoding="utf-8"?>
2<manifest xmlns:android="http://schemas.android.com/apk/res/android"
3    package="cis493.demos"
4    android:versionCode="1"
5    android:versionName="1.0.0" >
6
7    <uses-sdk
8        android:minSdkVersion="29"
8-->src\main\AndroidManifest.xml
9        android:targetSdkVersion="29" />
9-->src\main\AndroidManifest.xml
10
11    <application
11-->src\main\AndroidManifest.xml:7:5-24:19
12        android:debuggable="true"
13        android:icon="@drawable/icon"
13-->src\main\AndroidManifest.xml:8:9-38
14        android:label="@string/app_name"
14-->src\main\AndroidManifest.xml:9:9-41
15        android:testOnly="true" >
16        <activity
16-->src\main\AndroidManifest.xml:11:9-19:20
17            android:name="cis493.demos.MyServiceDriver2"
17-->src\main\AndroidManifest.xml:12:13-45
18            android:label="@string/app_name" >
18-->src\main\AndroidManifest.xml:13:13-45
19            <intent-filter>
19-->src\main\AndroidManifest.xml:14:13-18:29
20                <action android:name="android.intent.action.MAIN" />
20-->src\main\AndroidManifest.xml:15:17-69
20-->src\main\AndroidManifest.xml:15:25-66
21
22                <category android:name="android.intent.category.LAUNCHER" />
22-->src\main\AndroidManifest.xml:17:17-77
22-->src\main\AndroidManifest.xml:17:27-74
23            </intent-filter>
24        </activity>
25
26        <service android:name="cis493.demos.MyService2" >
26-->src\main\AndroidManifest.xml:21:9-22:19
26-->src\main\AndroidManifest.xml:21:18-43
27        </service>
28    </application>
29
30</manifest>